2019-09-13T14:34:25.122Z - info: Website generation started at 22:34:25
2019-09-13T14:34:25.139Z - info: Building assets...
2019-09-13T14:34:25.141Z - info: Assets built
2019-09-13T14:34:25.142Z - info: Generating pages...
2019-09-13T14:34:25.192Z - info: Pages built
2019-09-13T14:34:25.221Z - info: Website generation complete! Total build time: 0.109s
2019-09-13T14:34:25.239Z - info: Serving "/home/crphang/markbind/src/template/minimal/_site" at http://127.0.0.1:8080
2019-09-13T14:34:25.240Z - info: Press CTRL+C to stop ...
2019-09-13T14:34:25.246Z - info: Site data built
2019-09-13T14:34:36.021Z - info: [22:34:36] Reload for file change: /home/crphang/markbind/src/template/minimal/index.md
2019-09-13T14:34:37.022Z - info: Rebuilding affected source files
2019-09-13T14:34:37.023Z - info: Rebuilding 1 pages
2019-09-13T14:34:37.047Z - info: Pages rebuilt
2019-09-13T14:34:37.049Z - info: Site data built
2019-09-13T14:34:59.360Z - info: [22:34:59] Reload for file add: /home/crphang/markbind/src/template/minimal/_markbind/layouts/default/header.md
2019-09-13T14:35:00.362Z - warn: Rebuilding all source files
2019-09-13T14:35:01.368Z - info: Assets removed
2019-09-13T14:35:01.368Z - info: Generating pages...
2019-09-13T14:35:01.385Z - info: Pages built
2019-09-13T14:35:02.530Z - info: [22:35:02] Reload for file add: /home/crphang/markbind/src/template/minimal/_markbind/layouts/default/footer.md
2019-09-13T14:35:03.531Z - warn: Rebuilding all source files
2019-09-13T14:35:04.536Z - info: Assets removed
2019-09-13T14:35:04.536Z - info: Generating pages...
2019-09-13T14:35:04.551Z - info: Pages built
2019-09-13T14:35:09.650Z - info: [22:35:09] Reload for file add: /home/crphang/markbind/src/template/minimal/_markbind/layouts/default/head.md
2019-09-13T14:35:10.652Z - warn: Rebuilding all source files
2019-09-13T14:35:11.658Z - info: Assets removed
2019-09-13T14:35:11.658Z - info: Generating pages...
2019-09-13T14:35:11.677Z - info: Pages built
2019-09-13T14:35:17.181Z - info: [22:35:17] Reload for file add: /home/crphang/markbind/src/template/minimal/_markbind/layouts/default/navigation.md
2019-09-13T14:35:18.182Z - warn: Rebuilding all source files
2019-09-13T14:35:19.186Z - info: Assets removed
2019-09-13T14:35:19.186Z - info: Generating pages...
2019-09-13T14:35:19.205Z - info: Pages built
2019-09-13T14:35:23.227Z - info: [22:35:23] Reload for file add: /home/crphang/markbind/src/template/minimal/_markbind/layouts/default/styles.css
2019-09-13T14:35:24.228Z - info: Assets built
2019-09-13T14:35:27.635Z - info: [22:35:27] Reload for file add: /home/crphang/markbind/src/template/minimal/_markbind/layouts/default/scripts.js
2019-09-13T14:35:28.637Z - info: Assets built
2019-09-13T14:35:39.772Z - info: [22:35:39] Reload for file change: /home/crphang/markbind/src/template/minimal/_markbind/layouts/default/scripts.js
2019-09-13T14:35:39.946Z - info: [22:35:39] Reload for file change: /home/crphang/markbind/src/template/minimal/_markbind/layouts/default/scripts.js
2019-09-13T14:35:40.774Z - info: Assets built
2019-09-13T14:35:43.313Z - info: [22:35:43] Reload for file change: /home/crphang/markbind/src/template/minimal/_markbind/layouts/default/scripts.js
2019-09-13T14:35:44.314Z - info: Assets built
